<?xml version="1.0" encoding="UTF-8"?>
<!-- Generated by org.testng.reporters.JUnitReportReporter -->
<testsuite hostname="DESKTOP-FGNLH2G" name="day01.LX" tests="2" failures="0" timestamp="3 Jan 2019 11:37:24 GMT" time="31.218" errors="0">
  <testcase name="asd" time="26.940" classname="day01.LX"/>
  <testcase name="ks" time="4.278" classname="day01.LX"/>
</testsuite> <!-- day01.LX -->
