<?xml version="1.0" encoding="UTF-8"?>
<!-- Generated by org.testng.reporters.JUnitReportReporter -->
<testsuite hostname="DESKTOP-FGNLH2G" name="DZSC.zy3" tests="3" failures="0" timestamp="10 Jan 2019 08:15:41 GMT" time="8.024" errors="0">
  <testcase name="a2" time="3.564" classname="DZSC.zy3"/>
  <testcase name="a" time="3.861" classname="DZSC.zy3"/>
  <testcase name="a1" time="0.599" classname="DZSC.zy3"/>
</testsuite> <!-- DZSC.zy3 -->
