<?xml version="1.0" encoding="UTF-8"?>
<!-- Generated by org.testng.reporters.JUnitReportReporter -->
<testsuite hostname="DESKTOP-FGNLH2G" name="DZSC.zy" tests="3" failures="0" timestamp="10 Jan 2019 07:39:12 GMT" time="7.054" errors="0">
  <testcase name="aa" time="5.127" classname="DZSC.zy"/>
  <testcase name="cc" time="1.367" classname="DZSC.zy"/>
  <testcase name="bb" time="0.560" classname="DZSC.zy"/>
</testsuite> <!-- DZSC.zy -->
